{"/Users/xyw/Repos/synapse/frontend/mobile/.eslintrc.js": {"path":"/Users/xyw/Repos/synapse/frontend/mobile/.eslintrc.js","statementMap":{"0":{"start":{"line":1,"column":0},"end":{"line":53,"column":2}}},"fnMap":{},"branchMap":{},"s":{"0":0},"f":{},"b":{}}
,"/Users/xyw/Repos/synapse/frontend/mobile/eslint.config.js": {"path":"/Users/xyw/Repos/synapse/frontend/mobile/eslint.config.js","statementMap":{"0":{"start":{"line":2,"column":25},"end":{"line":2,"column":49}},"1":{"start":{"line":3,"column":19},"end":{"line":3,"column":53}},"2":{"start":{"line":5,"column":0},"end":{"line":10,"column":3}}},"fnMap":{},"branchMap":{},"s":{"0":0,"1":0,"2":0},"f":{},"b":{}}
,"/Users/xyw/Repos/synapse/frontend/mobile/expo-env.d.ts": {"path":"/Users/xyw/Repos/synapse/frontend/mobile/expo-env.d.ts","statementMap":{},"fnMap":{},"branchMap":{},"s":{},"f":{},"b":{}}
,"/Users/xyw/Repos/synapse/frontend/mobile/nativewind-env.d.ts": {"path":"/Users/xyw/Repos/synapse/frontend/mobile/nativewind-env.d.ts","statementMap":{},"fnMap":{},"branchMap":{},"s":{},"f":{},"b":{}}
,"/Users/xyw/Repos/synapse/frontend/mobile/.expo/types/router.d.ts": {"path":"/Users/xyw/Repos/synapse/frontend/mobile/.expo/types/router.d.ts","statementMap":{},"fnMap":{},"branchMap":{},"s":{},"f":{},"b":{}}
,"/Users/xyw/Repos/synapse/frontend/mobile/api/APIClient.js": {"path":"/Users/xyw/Repos/synapse/frontend/mobile/api/APIClient.js","statementMap":{"0":{"start":{"line":7,"column":4},"end":{"line":7,"column":71}},"1":{"start":{"line":8,"column":4},"end":{"line":15,"column":7}},"2":{"start":{"line":18,"column":4},"end":{"line":18,"column":24}},"3":{"start":{"line":19,"column":4},"end":{"line":19,"column":27}},"4":{"start":{"line":22,"column":4},"end":{"line":33,"column":6}},"5":{"start":{"line":24,"column":22},"end":{"line":24,"column":63}},"6":{"start":{"line":25,"column":8},"end":{"line":27,"column":9}},"7":{"start":{"line":26,"column":10},"end":{"line":26,"column":59}},"8":{"start":{"line":28,"column":8},"end":{"line":28,"column":22}},"9":{"start":{"line":31,"column":8},"end":{"line":31,"column":37}},"10":{"start":{"line":36,"column":4},"end":{"line":45,"column":6}},"11":{"start":{"line":37,"column":20},"end":{"line":37,"column":28}},"12":{"start":{"line":39,"column":8},"end":{"line":42,"column":9}},"13":{"start":{"line":41,"column":10},"end":{"line":41,"column":55}},"14":{"start":{"line":43,"column":8},"end":{"line":43,"column":37}},"15":{"start":{"line":50,"column":21},"end":{"line":50,"column":71}},"16":{"start":{"line":51,"column":28},"end":{"line":51,"column":41}},"17":{"start":{"line":52,"column":4},"end":{"line":52,"column":53}},"18":{"start":{"line":53,"column":4},"end":{"line":53,"column":27}},"19":{"start":{"line":57,"column":4},"end":{"line":57,"column":43}},"20":{"start":{"line":58,"column":4},"end":{"line":58,"column":49}},"21":{"start":{"line":65,"column":19},"end":{"line":65,"column":73}},"22":{"start":{"line":66,"column":4},"end":{"line":76,"column":5}},"23":{"start":{"line":67,"column":23},"end":{"line":72,"column":8}},"24":{"start":{"line":73,"column":6},"end":{"line":73,"column":27}},"25":{"start":{"line":75,"column":6},"end":{"line":75,"column":93}},"26":{"start":{"line":81,"column":4},"end":{"line":86,"column":5}},"27":{"start":{"line":82,"column":23},"end":{"line":82,"column":55}},"28":{"start":{"line":83,"column":6},"end":{"line":83,"column":27}},"29":{"start":{"line":85,"column":6},"end":{"line":85,"column":89}},"30":{"start":{"line":93,"column":4},"end":{"line":109,"column":5}},"31":{"start":{"line":93,"column":17},"end":{"line":93,"column":18}},"32":{"start":{"line":94,"column":6},"end":{"line":108,"column":7}},"33":{"start":{"line":95,"column":8},"end":{"line":95,"column":41}},"34":{"start":{"line":97,"column":8},"end":{"line":97,"column":26}},"35":{"start":{"line":100,"column":8},"end":{"line":102,"column":9}},"36":{"start":{"line":101,"column":10},"end":{"line":101,"column":16}},"37":{"start":{"line":105,"column":8},"end":{"line":107,"column":9}},"38":{"start":{"line":106,"column":10},"end":{"line":106,"column":94}},"39":{"start":{"line":106,"column":39},"end":{"line":106,"column":92}},"40":{"start":{"line":111,"column":4},"end":{"line":111,"column":20}},"41":{"start":{"line":116,"column":21},"end":{"line":119,"column":6}},"42":{"start":{"line":120,"column":4},"end":{"line":120,"column":25}},"43":{"start":{"line":124,"column":21},"end":{"line":128,"column":6}},"44":{"start":{"line":129,"column":4},"end":{"line":129,"column":25}},"45":{"start":{"line":133,"column":21},"end":{"line":136,"column":6}},"46":{"start":{"line":137,"column":4},"end":{"line":137,"column":25}},"47":{"start":{"line":142,"column":25},"end":{"line":142,"column":40}}},"fnMap":{"0":{"name":"(anonymous_0)","decl":{"start":{"line":5,"column":2},"end":{"line":5,"column":3}},"loc":{"start":{"line":5,"column":16},"end":{"line":46,"column":3}},"line":5},"1":{"name":"(anonymous_1)","decl":{"start":{"line":23,"column":6},"end":{"line":23,"column":7}},"loc":{"start":{"line":23,"column":24},"end":{"line":29,"column":7}},"line":23},"2":{"name":"(anonymous_2)","decl":{"start":{"line":30,"column":6},"end":{"line":30,"column":7}},"loc":{"start":{"line":30,"column":17},"end":{"line":32,"column":7}},"line":30},"3":{"name":"(anonymous_3)","decl":{"start":{"line":37,"column":6},"end":{"line":37,"column":7}},"loc":{"start":{"line":37,"column":20},"end":{"line":37,"column":28}},"line":37},"4":{"name":"(anonymous_4)","decl":{"start":{"line":38,"column":6},"end":{"line":38,"column":7}},"loc":{"start":{"line":38,"column":23},"end":{"line":44,"column":7}},"line":38},"5":{"name":"(anonymous_5)","decl":{"start":{"line":49,"column":2},"end":{"line":49,"column":3}},"loc":{"start":{"line":49,"column":27},"end":{"line":54,"column":3}},"line":49},"6":{"name":"(anonymous_6)","decl":{"start":{"line":56,"column":2},"end":{"line":56,"column":3}},"loc":{"start":{"line":56,"column":17},"end":{"line":59,"column":3}},"line":56},"7":{"name":"(anonymous_7)","decl":{"start":{"line":63,"column":2},"end":{"line":63,"column":3}},"loc":{"start":{"line":63,"column":34},"end":{"line":77,"column":3}},"line":63},"8":{"name":"(anonymous_8)","decl":{"start":{"line":80,"column":2},"end":{"line":80,"column":3}},"loc":{"start":{"line":80,"column":22},"end":{"line":87,"column":3}},"line":80},"9":{"name":"(anonymous_9)","decl":{"start":{"line":90,"column":2},"end":{"line":90,"column":3}},"loc":{"start":{"line":90,"column":33},"end":{"line":112,"column":3}},"line":90},"10":{"name":"(anonymous_10)","decl":{"start":{"line":106,"column":28},"end":{"line":106,"column":29}},"loc":{"start":{"line":106,"column":39},"end":{"line":106,"column":92}},"line":106},"11":{"name":"(anonymous_11)","decl":{"start":{"line":115,"column":2},"end":{"line":115,"column":3}},"loc":{"start":{"line":115,"column":28},"end":{"line":121,"column":3}},"line":115},"12":{"name":"(anonymous_12)","decl":{"start":{"line":123,"column":2},"end":{"line":123,"column":3}},"loc":{"start":{"line":123,"column":33},"end":{"line":130,"column":3}},"line":123},"13":{"name":"(anonymous_13)","decl":{"start":{"line":132,"column":2},"end":{"line":132,"column":3}},"loc":{"start":{"line":132,"column":29},"end":{"line":138,"column":3}},"line":132}},"branchMap":{"0":{"loc":{"start":{"line":7,"column":19},"end":{"line":7,"column":70}},"type":"binary-expr","locations":[{"start":{"line":7,"column":19},"end":{"line":7,"column":43}},{"start":{"line":7,"column":47},"end":{"line":7,"column":70}}],"line":7},"1":{"loc":{"start":{"line":25,"column":8},"end":{"line":27,"column":9}},"type":"if","locations":[{"start":{"line":25,"column":8},"end":{"line":27,"column":9}},{"start":{},"end":{}}],"line":25},"2":{"loc":{"start":{"line":39,"column":8},"end":{"line":42,"column":9}},"type":"if","locations":[{"start":{"line":39,"column":8},"end":{"line":42,"column":9}},{"start":{},"end":{}}],"line":39},"3":{"loc":{"start":{"line":65,"column":19},"end":{"line":65,"column":73}},"type":"binary-expr","locations":[{"start":{"line":65,"column":19},"end":{"line":65,"column":46}},{"start":{"line":65,"column":50},"end":{"line":65,"column":73}}],"line":65},"4":{"loc":{"start":{"line":75,"column":44},"end":{"line":75,"column":89}},"type":"binary-expr","locations":[{"start":{"line":75,"column":44},"end":{"line":75,"column":72}},{"start":{"line":75,"column":76},"end":{"line":75,"column":89}}],"line":75},"5":{"loc":{"start":{"line":85,"column":46},"end":{"line":85,"column":85}},"type":"binary-expr","locations":[{"start":{"line":85,"column":46},"end":{"line":85,"column":68}},{"start":{"line":85,"column":72},"end":{"line":85,"column":85}}],"line":85},"6":{"loc":{"start":{"line":100,"column":8},"end":{"line":102,"column":9}},"type":"if","locations":[{"start":{"line":100,"column":8},"end":{"line":102,"column":9}},{"start":{},"end":{}}],"line":100},"7":{"loc":{"start":{"line":100,"column":12},"end":{"line":100,"column":89}},"type":"binary-expr","locations":[{"start":{"line":100,"column":12},"end":{"line":100,"column":26}},{"start":{"line":100,"column":30},"end":{"line":100,"column":58}},{"start":{"line":100,"column":62},"end":{"line":100,"column":89}}],"line":100},"8":{"loc":{"start":{"line":105,"column":8},"end":{"line":107,"column":9}},"type":"if","locations":[{"start":{"line":105,"column":8},"end":{"line":107,"column":9}},{"start":{},"end":{}}],"line":105}},"s":{"0":0,"1":0,"2":0,"3":0,"4":0,"5":0,"6":0,"7":0,"8":0,"9":0,"10":0,"11":0,"12":0,"13":0,"14":0,"15":0,"16":0,"17":0,"18":0,"19":0,"20":0,"21":0,"22":0,"23":0,"24":0,"25":0,"26":0,"27":0,"28":0,"29":0,"30":0,"31":0,"32":0,"33":0,"34":0,"35":0,"36":0,"37":0,"38":0,"39":0,"40":0,"41":0,"42":0,"43":0,"44":0,"45":0,"46":0,"47":0},"f":{"0":0,"1":0,"2":0,"3":0,"4":0,"5":0,"6":0,"7":0,"8":0,"9":0,"10":0,"11":0,"12":0,"13":0},"b":{"0":[0,0],"1":[0,0],"2":[0,0],"3":[0,0],"4":[0,0],"5":[0,0],"6":[0,0],"7":[0,0,0],"8":[0,0]}}
,"/Users/xyw/Repos/synapse/frontend/mobile/api/SecureStorage.js": {"path":"/Users/xyw/Repos/synapse/frontend/mobile/api/SecureStorage.js","statementMap":{"0":{"start":{"line":6,"column":4},"end":{"line":20,"column":5}},"1":{"start":{"line":7,"column":6},"end":{"line":12,"column":7}},"2":{"start":{"line":8,"column":8},"end":{"line":8,"column":41}},"3":{"start":{"line":10,"column":8},"end":{"line":10,"column":55}},"4":{"start":{"line":11,"column":8},"end":{"line":11,"column":20}},"5":{"start":{"line":14,"column":6},"end":{"line":19,"column":7}},"6":{"start":{"line":15,"column":8},"end":{"line":15,"column":51}},"7":{"start":{"line":17,"column":8},"end":{"line":17,"column":50}},"8":{"start":{"line":18,"column":8},"end":{"line":18,"column":20}},"9":{"start":{"line":24,"column":4},"end":{"line":40,"column":5}},"10":{"start":{"line":25,"column":6},"end":{"line":31,"column":7}},"11":{"start":{"line":26,"column":8},"end":{"line":26,"column":41}},"12":{"start":{"line":27,"column":8},"end":{"line":27,"column":20}},"13":{"start":{"line":29,"column":8},"end":{"line":29,"column":55}},"14":{"start":{"line":30,"column":8},"end":{"line":30,"column":21}},"15":{"start":{"line":33,"column":6},"end":{"line":39,"column":7}},"16":{"start":{"line":34,"column":8},"end":{"line":34,"column":51}},"17":{"start":{"line":35,"column":8},"end":{"line":35,"column":20}},"18":{"start":{"line":37,"column":8},"end":{"line":37,"column":50}},"19":{"start":{"line":38,"column":8},"end":{"line":38,"column":21}},"20":{"start":{"line":44,"column":4},"end":{"line":60,"column":5}},"21":{"start":{"line":45,"column":6},"end":{"line":51,"column":7}},"22":{"start":{"line":46,"column":8},"end":{"line":46,"column":37}},"23":{"start":{"line":47,"column":8},"end":{"line":47,"column":20}},"24":{"start":{"line":49,"column":8},"end":{"line":49,"column":55}},"25":{"start":{"line":50,"column":8},"end":{"line":50,"column":21}},"26":{"start":{"line":53,"column":6},"end":{"line":59,"column":7}},"27":{"start":{"line":54,"column":8},"end":{"line":54,"column":47}},"28":{"start":{"line":55,"column":8},"end":{"line":55,"column":20}},"29":{"start":{"line":57,"column":8},"end":{"line":57,"column":50}},"30":{"start":{"line":58,"column":8},"end":{"line":58,"column":21}},"31":{"start":{"line":64,"column":4},"end":{"line":76,"column":5}},"32":{"start":{"line":65,"column":6},"end":{"line":71,"column":7}},"33":{"start":{"line":66,"column":8},"end":{"line":66,"column":29}},"34":{"start":{"line":67,"column":8},"end":{"line":67,"column":20}},"35":{"start":{"line":69,"column":8},"end":{"line":69,"column":55}},"36":{"start":{"line":70,"column":8},"end":{"line":70,"column":21}},"37":{"start":{"line":75,"column":6},"end":{"line":75,"column":18}}},"fnMap":{"0":{"name":"(anonymous_0)","decl":{"start":{"line":5,"column":2},"end":{"line":5,"column":3}},"loc":{"start":{"line":5,"column":28},"end":{"line":21,"column":3}},"line":5},"1":{"name":"(anonymous_1)","decl":{"start":{"line":23,"column":2},"end":{"line":23,"column":3}},"loc":{"start":{"line":23,"column":35},"end":{"line":41,"column":3}},"line":23},"2":{"name":"(anonymous_2)","decl":{"start":{"line":43,"column":2},"end":{"line":43,"column":3}},"loc":{"start":{"line":43,"column":31},"end":{"line":61,"column":3}},"line":43},"3":{"name":"(anonymous_3)","decl":{"start":{"line":63,"column":2},"end":{"line":63,"column":3}},"loc":{"start":{"line":63,"column":23},"end":{"line":77,"column":3}},"line":63}},"branchMap":{"0":{"loc":{"start":{"line":6,"column":4},"end":{"line":20,"column":5}},"type":"if","locations":[{"start":{"line":6,"column":4},"end":{"line":20,"column":5}},{"start":{"line":13,"column":11},"end":{"line":20,"column":5}}],"line":6},"1":{"loc":{"start":{"line":24,"column":4},"end":{"line":40,"column":5}},"type":"if","locations":[{"start":{"line":24,"column":4},"end":{"line":40,"column":5}},{"start":{"line":32,"column":11},"end":{"line":40,"column":5}}],"line":24},"2":{"loc":{"start":{"line":44,"column":4},"end":{"line":60,"column":5}},"type":"if","locations":[{"start":{"line":44,"column":4},"end":{"line":60,"column":5}},{"start":{"line":52,"column":11},"end":{"line":60,"column":5}}],"line":44},"3":{"loc":{"start":{"line":64,"column":4},"end":{"line":76,"column":5}},"type":"if","locations":[{"start":{"line":64,"column":4},"end":{"line":76,"column":5}},{"start":{"line":72,"column":11},"end":{"line":76,"column":5}}],"line":64}},"s":{"0":0,"1":0,"2":0,"3":0,"4":0,"5":0,"6":0,"7":0,"8":0,"9":0,"10":0,"11":0,"12":0,"13":0,"14":0,"15":0,"16":0,"17":0,"18":0,"19":0,"20":0,"21":0,"22":0,"23":0,"24":0,"25":0,"26":0,"27":0,"28":0,"29":0,"30":0,"31":0,"32":0,"33":0,"34":0,"35":0,"36":0,"37":0},"f":{"0":0,"1":0,"2":0,"3":0},"b":{"0":[0,0],"1":[0,0],"2":[0,0],"3":[0,0]}}
,"/Users/xyw/Repos/synapse/frontend/mobile/app/_layout.tsx": {"path":"/Users/xyw/Repos/synapse/frontend/mobile/app/_layout.tsx","statementMap":{"0":{"start":{"line":10,"column":33},"end":{"line":12,"column":1}},"1":{"start":{"line":15,"column":22},"end":{"line":15,"column":38}},"2":{"start":{"line":17,"column":2},"end":{"line":28,"column":4}}},"fnMap":{"0":{"name":"RootLayout","decl":{"start":{"line":14,"column":24},"end":{"line":14,"column":34}},"loc":{"start":{"line":14,"column":37},"end":{"line":29,"column":1}},"line":14}},"branchMap":{"0":{"loc":{"start":{"line":18,"column":26},"end":{"line":18,"column":75}},"type":"cond-expr","locations":[{"start":{"line":18,"column":51},"end":{"line":18,"column":60}},{"start":{"line":18,"column":63},"end":{"line":18,"column":75}}],"line":18}},"s":{"0":0,"1":0,"2":0},"f":{"0":0},"b":{"0":[0,0]}}
,"/Users/xyw/Repos/synapse/frontend/mobile/app/capture.tsx": {"path":"/Users/xyw/Repos/synapse/frontend/mobile/app/capture.tsx","statementMap":{"0":{"start":{"line":10,"column":24},"end":{"line":10,"column":36}},"1":{"start":{"line":11,"column":38},"end":{"line":11,"column":88}},"2":{"start":{"line":12,"column":36},"end":{"line":12,"column":51}},"3":{"start":{"line":13,"column":17},"end":{"line":13,"column":28}},"4":{"start":{"line":14,"column":22},"end":{"line":14,"column":38}},"5":{"start":{"line":16,"column":23},"end":{"line":63,"column":3}},"6":{"start":{"line":17,"column":4},"end":{"line":17,"column":39}},"7":{"start":{"line":18,"column":4},"end":{"line":22,"column":5}},"8":{"start":{"line":19,"column":6},"end":{"line":19,"column":49}},"9":{"start":{"line":20,"column":6},"end":{"line":20,"column":34}},"10":{"start":{"line":21,"column":6},"end":{"line":21,"column":13}},"11":{"start":{"line":25,"column":4},"end":{"line":32,"column":5}},"12":{"start":{"line":26,"column":6},"end":{"line":26,"column":19}},"13":{"start":{"line":27,"column":6},"end":{"line":27,"column":40}},"14":{"start":{"line":29,"column":6},"end":{"line":29,"column":55}},"15":{"start":{"line":30,"column":6},"end":{"line":30,"column":42}},"16":{"start":{"line":31,"column":6},"end":{"line":31,"column":13}},"17":{"start":{"line":34,"column":4},"end":{"line":34,"column":23}},"18":{"start":{"line":36,"column":4},"end":{"line":62,"column":5}},"19":{"start":{"line":37,"column":23},"end":{"line":40,"column":8}},"20":{"start":{"line":42,"column":6},"end":{"line":54,"column":8}},"21":{"start":{"line":49,"column":14},"end":{"line":49,"column":25}},"22":{"start":{"line":50,"column":14},"end":{"line":50,"column":31}},"23":{"start":{"line":56,"column":6},"end":{"line":59,"column":8}},"24":{"start":{"line":61,"column":6},"end":{"line":61,"column":26}},"25":{"start":{"line":65,"column":2},"end":{"line":146,"column":4}},"26":{"start":{"line":97,"column":14},"end":{"line":118,"column":26}},"27":{"start":{"line":99,"column":40},"end":{"line":109,"column":17}},"28":{"start":{"line":110,"column":31},"end":{"line":110,"column":50}},"29":{"start":{"line":125,"column":12},"end":{"line":125,"column":65}},"30":{"start":{"line":126,"column":12},"end":{"line":130,"column":14}},"31":{"start":{"line":133,"column":12},"end":{"line":133,"column":49}},"32":{"start":{"line":134,"column":12},"end":{"line":134,"column":27}},"33":{"start":{"line":149,"column":15},"end":{"line":225,"column":2}}},"fnMap":{"0":{"name":"WebCapturePage","decl":{"start":{"line":9,"column":24},"end":{"line":9,"column":38}},"loc":{"start":{"line":9,"column":41},"end":{"line":147,"column":1}},"line":9},"1":{"name":"(anonymous_1)","decl":{"start":{"line":16,"column":23},"end":{"line":16,"column":24}},"loc":{"start":{"line":16,"column":35},"end":{"line":63,"column":3}},"line":16},"2":{"name":"(anonymous_2)","decl":{"start":{"line":48,"column":21},"end":{"line":48,"column":22}},"loc":{"start":{"line":48,"column":27},"end":{"line":51,"column":13}},"line":48},"3":{"name":"(anonymous_3)","decl":{"start":{"line":96,"column":58},"end":{"line":96,"column":59}},"loc":{"start":{"line":97,"column":14},"end":{"line":118,"column":26}},"line":97},"4":{"name":"(anonymous_4)","decl":{"start":{"line":99,"column":23},"end":{"line":99,"column":24}},"loc":{"start":{"line":99,"column":40},"end":{"line":109,"column":17}},"line":99},"5":{"name":"(anonymous_5)","decl":{"start":{"line":110,"column":25},"end":{"line":110,"column":26}},"loc":{"start":{"line":110,"column":31},"end":{"line":110,"column":50}},"line":110},"6":{"name":"(anonymous_6)","decl":{"start":{"line":124,"column":17},"end":{"line":124,"column":18}},"loc":{"start":{"line":124,"column":34},"end":{"line":131,"column":11}},"line":124},"7":{"name":"(anonymous_7)","decl":{"start":{"line":132,"column":19},"end":{"line":132,"column":20}},"loc":{"start":{"line":132,"column":25},"end":{"line":135,"column":11}},"line":132}},"branchMap":{"0":{"loc":{"start":{"line":18,"column":4},"end":{"line":22,"column":5}},"type":"if","locations":[{"start":{"line":18,"column":4},"end":{"line":22,"column":5}},{"start":{},"end":{}}],"line":18},"1":{"loc":{"start":{"line":58,"column":8},"end":{"line":58,"column":93}},"type":"binary-expr","locations":[{"start":{"line":58,"column":8},"end":{"line":58,"column":36}},{"start":{"line":58,"column":40},"end":{"line":58,"column":93}}],"line":58},"2":{"loc":{"start":{"line":81,"column":33},"end":{"line":81,"column":79}},"type":"cond-expr","locations":[{"start":{"line":81,"column":58},"end":{"line":81,"column":67}},{"start":{"line":81,"column":70},"end":{"line":81,"column":79}}],"line":81},"3":{"loc":{"start":{"line":86,"column":34},"end":{"line":86,"column":74}},"type":"cond-expr","locations":[{"start":{"line":86,"column":59},"end":{"line":86,"column":65}},{"start":{"line":86,"column":68},"end":{"line":86,"column":74}}],"line":86},"4":{"loc":{"start":{"line":101,"column":18},"end":{"line":101,"column":67}},"type":"binary-expr","locations":[{"start":{"line":101,"column":18},"end":{"line":101,"column":37}},{"start":{"line":101,"column":41},"end":{"line":101,"column":67}}],"line":101},"5":{"loc":{"start":{"line":103,"column":33},"end":{"line":103,"column":73}},"type":"cond-expr","locations":[{"start":{"line":103,"column":58},"end":{"line":103,"column":64}},{"start":{"line":103,"column":67},"end":{"line":103,"column":73}}],"line":103},"6":{"loc":{"start":{"line":104,"column":37},"end":{"line":106,"column":72}},"type":"cond-expr","locations":[{"start":{"line":105,"column":25},"end":{"line":105,"column":68}},{"start":{"line":106,"column":25},"end":{"line":106,"column":71}}],"line":104},"7":{"loc":{"start":{"line":105,"column":25},"end":{"line":105,"column":68}},"type":"cond-expr","locations":[{"start":{"line":105,"column":50},"end":{"line":105,"column":56}},{"start":{"line":105,"column":59},"end":{"line":105,"column":68}}],"line":105},"8":{"loc":{"start":{"line":106,"column":25},"end":{"line":106,"column":71}},"type":"cond-expr","locations":[{"start":{"line":106,"column":50},"end":{"line":106,"column":59}},{"start":{"line":106,"column":62},"end":{"line":106,"column":71}}],"line":106},"9":{"loc":{"start":{"line":108,"column":18},"end":{"line":108,"column":45}},"type":"binary-expr","locations":[{"start":{"line":108,"column":18},"end":{"line":108,"column":25}},{"start":{"line":108,"column":29},"end":{"line":108,"column":45}}],"line":108},"10":{"loc":{"start":{"line":114,"column":18},"end":{"line":114,"column":66}},"type":"binary-expr","locations":[{"start":{"line":114,"column":18},"end":{"line":114,"column":37}},{"start":{"line":114,"column":41},"end":{"line":114,"column":66}}],"line":114},"11":{"loc":{"start":{"line":128,"column":14},"end":{"line":128,"column":54}},"type":"binary-expr","locations":[{"start":{"line":128,"column":14},"end":{"line":128,"column":23}},{"start":{"line":128,"column":27},"end":{"line":128,"column":54}}],"line":128},"12":{"loc":{"start":{"line":129,"column":14},"end":{"line":129,"column":55}},"type":"binary-expr","locations":[{"start":{"line":129,"column":14},"end":{"line":129,"column":21}},{"start":{"line":129,"column":25},"end":{"line":129,"column":35}},{"start":{"line":129,"column":39},"end":{"line":129,"column":55}}],"line":129},"13":{"loc":{"start":{"line":141,"column":13},"end":{"line":141,"column":60}},"type":"cond-expr","locations":[{"start":{"line":141,"column":25},"end":{"line":141,"column":40}},{"start":{"line":141,"column":43},"end":{"line":141,"column":60}}],"line":141}},"s":{"0":0,"1":0,"2":0,"3":0,"4":0,"5":0,"6":0,"7":0,"8":0,"9":0,"10":0,"11":0,"12":0,"13":0,"14":0,"15":0,"16":0,"17":0,"18":0,"19":0,"20":0,"21":0,"22":0,"23":0,"24":0,"25":0,"26":0,"27":0,"28":0,"29":0,"30":0,"31":0,"32":0,"33":0},"f":{"0":0,"1":0,"2":0,"3":0,"4":0,"5":0,"6":0,"7":0},"b":{"0":[0,0],"1":[0,0],"2":[0,0],"3":[0,0],"4":[0,0],"5":[0,0],"6":[0,0],"7":[0,0],"8":[0,0],"9":[0,0],"10":[0,0],"11":[0,0],"12":[0,0,0],"13":[0,0]}}
,"/Users/xyw/Repos/synapse/frontend/mobile/app/modal.tsx": {"path":"/Users/xyw/Repos/synapse/frontend/mobile/app/modal.tsx","statementMap":{"0":{"start":{"line":8,"column":2},"end":{"line":15,"column":4}},"1":{"start":{"line":18,"column":15},"end":{"line":29,"column":2}}},"fnMap":{"0":{"name":"ModalScreen","decl":{"start":{"line":7,"column":24},"end":{"line":7,"column":35}},"loc":{"start":{"line":7,"column":38},"end":{"line":16,"column":1}},"line":7}},"branchMap":{},"s":{"0":0,"1":0},"f":{"0":0},"b":{}}
,"/Users/xyw/Repos/synapse/frontend/mobile/app/tabs.js": {"path":"/Users/xyw/Repos/synapse/frontend/mobile/app/tabs.js","statementMap":{"0":{"start":{"line":6,"column":30},"end":{"line":6,"column":40}},"1":{"start":{"line":8,"column":2},"end":{"line":51,"column":4}},"2":{"start":{"line":26,"column":12},"end":{"line":26,"column":81}},"3":{"start":{"line":36,"column":14},"end":{"line":36,"column":95}},"4":{"start":{"line":46,"column":12},"end":{"line":46,"column":89}},"5":{"start":{"line":55,"column":26},"end":{"line":55,"column":31}},"6":{"start":{"line":57,"column":19},"end":{"line":57,"column":65}},"7":{"start":{"line":58,"column":2},"end":{"line":58,"column":72}}},"fnMap":{"0":{"name":"TabLayout","decl":{"start":{"line":5,"column":24},"end":{"line":5,"column":33}},"loc":{"start":{"line":5,"column":36},"end":{"line":52,"column":1}},"line":5},"1":{"name":"(anonymous_1)","decl":{"start":{"line":25,"column":22},"end":{"line":25,"column":23}},"loc":{"start":{"line":26,"column":12},"end":{"line":26,"column":81}},"line":26},"2":{"name":"(anonymous_2)","decl":{"start":{"line":35,"column":24},"end":{"line":35,"column":25}},"loc":{"start":{"line":36,"column":14},"end":{"line":36,"column":95}},"line":36},"3":{"name":"(anonymous_3)","decl":{"start":{"line":45,"column":22},"end":{"line":45,"column":23}},"loc":{"start":{"line":46,"column":12},"end":{"line":46,"column":89}},"line":46},"4":{"name":"TabBarIcon","decl":{"start":{"line":54,"column":9},"end":{"line":54,"column":19}},"loc":{"start":{"line":54,"column":27},"end":{"line":59,"column":1}},"line":54}},"branchMap":{"0":{"loc":{"start":{"line":26,"column":30},"end":{"line":26,"column":63}},"type":"cond-expr","locations":[{"start":{"line":26,"column":40},"end":{"line":26,"column":46}},{"start":{"line":26,"column":49},"end":{"line":26,"column":63}}],"line":26},"1":{"loc":{"start":{"line":30,"column":7},"end":{"line":40,"column":7}},"type":"binary-expr","locations":[{"start":{"line":30,"column":7},"end":{"line":30,"column":22}},{"start":{"line":31,"column":8},"end":{"line":39,"column":10}}],"line":30},"2":{"loc":{"start":{"line":36,"column":32},"end":{"line":36,"column":77}},"type":"cond-expr","locations":[{"start":{"line":36,"column":42},"end":{"line":36,"column":54}},{"start":{"line":36,"column":57},"end":{"line":36,"column":77}}],"line":36},"3":{"loc":{"start":{"line":46,"column":30},"end":{"line":46,"column":71}},"type":"cond-expr","locations":[{"start":{"line":46,"column":40},"end":{"line":46,"column":50}},{"start":{"line":46,"column":53},"end":{"line":46,"column":71}}],"line":46}},"s":{"0":0,"1":0,"2":0,"3":0,"4":0,"5":0,"6":0,"7":0},"f":{"0":0,"1":0,"2":0,"3":0,"4":0},"b":{"0":[0,0],"1":[0,0],"2":[0,0],"3":[0,0]}}
,"/Users/xyw/Repos/synapse/frontend/mobile/app/(tabs)/_layout.tsx": {"path":"/Users/xyw/Repos/synapse/frontend/mobile/app/(tabs)/_layout.tsx","statementMap":{"0":{"start":{"line":10,"column":22},"end":{"line":10,"column":38}},"1":{"start":{"line":12,"column":2},"end":{"line":34,"column":4}},"2":{"start":{"line":23,"column":37},"end":{"line":23,"column":93}},"3":{"start":{"line":30,"column":37},"end":{"line":30,"column":98}}},"fnMap":{"0":{"name":"TabLayout","decl":{"start":{"line":9,"column":24},"end":{"line":9,"column":33}},"loc":{"start":{"line":9,"column":36},"end":{"line":35,"column":1}},"line":9},"1":{"name":"(anonymous_1)","decl":{"start":{"line":23,"column":22},"end":{"line":23,"column":23}},"loc":{"start":{"line":23,"column":37},"end":{"line":23,"column":93}},"line":23},"2":{"name":"(anonymous_2)","decl":{"start":{"line":30,"column":22},"end":{"line":30,"column":23}},"loc":{"start":{"line":30,"column":37},"end":{"line":30,"column":98}},"line":30}},"branchMap":{"0":{"loc":{"start":{"line":15,"column":38},"end":{"line":15,"column":60}},"type":"binary-expr","locations":[{"start":{"line":15,"column":38},"end":{"line":15,"column":49}},{"start":{"line":15,"column":53},"end":{"line":15,"column":60}}],"line":15}},"s":{"0":0,"1":0,"2":0,"3":0},"f":{"0":0,"1":0,"2":0},"b":{"0":[0,0]}}
,"/Users/xyw/Repos/synapse/frontend/mobile/app/(tabs)/explore.tsx": {"path":"/Users/xyw/Repos/synapse/frontend/mobile/app/(tabs)/explore.tsx","statementMap":{"0":{"start":{"line":13,"column":2},"end":{"line":98,"column":4}},"1":{"start":{"line":101,"column":15},"end":{"line":112,"column":2}}},"fnMap":{"0":{"name":"TabTwoScreen","decl":{"start":{"line":12,"column":24},"end":{"line":12,"column":36}},"loc":{"start":{"line":12,"column":39},"end":{"line":99,"column":1}},"line":12}},"branchMap":{},"s":{"0":0,"1":0},"f":{"0":0},"b":{}}
,"/Users/xyw/Repos/synapse/frontend/mobile/app/(tabs)/index.tsx": {"path":"/Users/xyw/Repos/synapse/frontend/mobile/app/(tabs)/index.tsx","statementMap":{"0":{"start":{"line":11,"column":2},"end":{"line":78,"column":4}},"1":{"start":{"line":46,"column":71},"end":{"line":46,"column":94}},"2":{"start":{"line":50,"column":29},"end":{"line":50,"column":51}},"3":{"start":{"line":57,"column":31},"end":{"line":57,"column":54}},"4":{"start":{"line":81,"column":15},"end":{"line":98,"column":2}}},"fnMap":{"0":{"name":"HomeScreen","decl":{"start":{"line":10,"column":24},"end":{"line":10,"column":34}},"loc":{"start":{"line":10,"column":37},"end":{"line":79,"column":1}},"line":10},"1":{"name":"(anonymous_1)","decl":{"start":{"line":46,"column":65},"end":{"line":46,"column":66}},"loc":{"start":{"line":46,"column":71},"end":{"line":46,"column":94}},"line":46},"2":{"name":"(anonymous_2)","decl":{"start":{"line":50,"column":23},"end":{"line":50,"column":24}},"loc":{"start":{"line":50,"column":29},"end":{"line":50,"column":51}},"line":50},"3":{"name":"(anonymous_3)","decl":{"start":{"line":57,"column":25},"end":{"line":57,"column":26}},"loc":{"start":{"line":57,"column":31},"end":{"line":57,"column":54}},"line":57}},"branchMap":{},"s":{"0":0,"1":0,"2":0,"3":0,"4":0},"f":{"0":0,"1":0,"2":0,"3":0},"b":{}}
,"/Users/xyw/Repos/synapse/frontend/mobile/components/CaptureForm.js": {"path":"/Users/xyw/Repos/synapse/frontend/mobile/components/CaptureForm.js","statementMap":{"0":{"start":{"line":6,"column":20},"end":{"line":126,"column":1}},"1":{"start":{"line":7,"column":24},"end":{"line":7,"column":36}},"2":{"start":{"line":8,"column":38},"end":{"line":8,"column":57}},"3":{"start":{"line":9,"column":36},"end":{"line":9,"column":51}},"4":{"start":{"line":10,"column":28},"end":{"line":10,"column":40}},"5":{"start":{"line":11,"column":26},"end":{"line":11,"column":36}},"6":{"start":{"line":12,"column":19},"end":{"line":12,"column":31}},"7":{"start":{"line":15,"column":21},"end":{"line":22,"column":3}},"8":{"start":{"line":16,"column":4},"end":{"line":21,"column":5}},"9":{"start":{"line":17,"column":6},"end":{"line":17,"column":22}},"10":{"start":{"line":18,"column":6},"end":{"line":18,"column":18}},"11":{"start":{"line":20,"column":6},"end":{"line":20,"column":19}},"12":{"start":{"line":24,"column":23},"end":{"line":62,"column":3}},"13":{"start":{"line":25,"column":4},"end":{"line":25,"column":17}},"14":{"start":{"line":27,"column":4},"end":{"line":30,"column":5}},"15":{"start":{"line":28,"column":6},"end":{"line":28,"column":37}},"16":{"start":{"line":29,"column":6},"end":{"line":29,"column":13}},"17":{"start":{"line":32,"column":4},"end":{"line":35,"column":5}},"18":{"start":{"line":33,"column":6},"end":{"line":33,"column":71}},"19":{"start":{"line":34,"column":6},"end":{"line":34,"column":13}},"20":{"start":{"line":37,"column":4},"end":{"line":37,"column":23}},"21":{"start":{"line":38,"column":4},"end":{"line":61,"column":5}},"22":{"start":{"line":39,"column":26},"end":{"line":42,"column":7}},"23":{"start":{"line":44,"column":21},"end":{"line":44,"column":51}},"24":{"start":{"line":46,"column":6},"end":{"line":48,"column":7}},"25":{"start":{"line":47,"column":8},"end":{"line":47,"column":33}},"26":{"start":{"line":51,"column":6},"end":{"line":51,"column":17}},"27":{"start":{"line":53,"column":6},"end":{"line":53,"column":58}},"28":{"start":{"line":54,"column":6},"end":{"line":58,"column":7}},"29":{"start":{"line":55,"column":8},"end":{"line":55,"column":30}},"30":{"start":{"line":57,"column":8},"end":{"line":57,"column":72}},"31":{"start":{"line":60,"column":6},"end":{"line":60,"column":26}},"32":{"start":{"line":64,"column":33},"end":{"line":71,"column":3}},"33":{"start":{"line":65,"column":4},"end":{"line":65,"column":24}},"34":{"start":{"line":66,"column":4},"end":{"line":66,"column":17}},"35":{"start":{"line":68,"column":4},"end":{"line":70,"column":5}},"36":{"start":{"line":69,"column":6},"end":{"line":69,"column":31}},"37":{"start":{"line":73,"column":2},"end":{"line":125,"column":4}},"38":{"start":{"line":103,"column":10},"end":{"line":111,"column":19}},"39":{"start":{"line":106,"column":27},"end":{"line":106,"column":55}}},"fnMap":{"0":{"name":"(anonymous_0)","decl":{"start":{"line":6,"column":20},"end":{"line":6,"column":21}},"loc":{"start":{"line":6,"column":62},"end":{"line":126,"column":1}},"line":6},"1":{"name":"(anonymous_1)","decl":{"start":{"line":15,"column":21},"end":{"line":15,"column":22}},"loc":{"start":{"line":15,"column":33},"end":{"line":22,"column":3}},"line":15},"2":{"name":"(anonymous_2)","decl":{"start":{"line":24,"column":23},"end":{"line":24,"column":24}},"loc":{"start":{"line":24,"column":35},"end":{"line":62,"column":3}},"line":24},"3":{"name":"(anonymous_3)","decl":{"start":{"line":64,"column":33},"end":{"line":64,"column":34}},"loc":{"start":{"line":64,"column":43},"end":{"line":71,"column":3}},"line":64},"4":{"name":"(anonymous_4)","decl":{"start":{"line":102,"column":56},"end":{"line":102,"column":57}},"loc":{"start":{"line":103,"column":10},"end":{"line":111,"column":19}},"line":103},"5":{"name":"(anonymous_5)","decl":{"start":{"line":106,"column":21},"end":{"line":106,"column":22}},"loc":{"start":{"line":106,"column":27},"end":{"line":106,"column":55}},"line":106}},"branchMap":{"0":{"loc":{"start":{"line":27,"column":4},"end":{"line":30,"column":5}},"type":"if","locations":[{"start":{"line":27,"column":4},"end":{"line":30,"column":5}},{"start":{},"end":{}}],"line":27},"1":{"loc":{"start":{"line":32,"column":4},"end":{"line":35,"column":5}},"type":"if","locations":[{"start":{"line":32,"column":4},"end":{"line":35,"column":5}},{"start":{},"end":{}}],"line":32},"2":{"loc":{"start":{"line":32,"column":8},"end":{"line":32,"column":54}},"type":"binary-expr","locations":[{"start":{"line":32,"column":8},"end":{"line":32,"column":34}},{"start":{"line":32,"column":38},"end":{"line":32,"column":54}}],"line":32},"3":{"loc":{"start":{"line":46,"column":6},"end":{"line":48,"column":7}},"type":"if","locations":[{"start":{"line":46,"column":6},"end":{"line":48,"column":7}},{"start":{},"end":{}}],"line":46},"4":{"loc":{"start":{"line":53,"column":15},"end":{"line":53,"column":56}},"type":"binary-expr","locations":[{"start":{"line":53,"column":15},"end":{"line":53,"column":28}},{"start":{"line":53,"column":32},"end":{"line":53,"column":56}}],"line":53},"5":{"loc":{"start":{"line":54,"column":6},"end":{"line":58,"column":7}},"type":"if","locations":[{"start":{"line":54,"column":6},"end":{"line":58,"column":7}},{"start":{"line":56,"column":13},"end":{"line":58,"column":7}}],"line":54},"6":{"loc":{"start":{"line":57,"column":29},"end":{"line":57,"column":70}},"type":"binary-expr","locations":[{"start":{"line":57,"column":29},"end":{"line":57,"column":42}},{"start":{"line":57,"column":46},"end":{"line":57,"column":70}}],"line":57},"7":{"loc":{"start":{"line":68,"column":4},"end":{"line":70,"column":5}},"type":"if","locations":[{"start":{"line":68,"column":4},"end":{"line":70,"column":5}},{"start":{},"end":{}}],"line":68},"8":{"loc":{"start":{"line":68,"column":8},"end":{"line":68,"column":48}},"type":"binary-expr","locations":[{"start":{"line":68,"column":8},"end":{"line":68,"column":28}},{"start":{"line":68,"column":32},"end":{"line":68,"column":48}}],"line":68},"9":{"loc":{"start":{"line":75,"column":7},"end":{"line":99,"column":7}},"type":"binary-expr","locations":[{"start":{"line":75,"column":7},"end":{"line":75,"column":33}},{"start":{"line":76,"column":8},"end":{"line":98,"column":15}}],"line":75},"10":{"loc":{"start":{"line":89,"column":11},"end":{"line":97,"column":11}},"type":"cond-expr","locations":[{"start":{"line":90,"column":12},"end":{"line":90,"column":70}},{"start":{"line":92,"column":12},"end":{"line":96,"column":19}}],"line":89},"11":{"loc":{"start":{"line":93,"column":15},"end":{"line":93,"column":87}},"type":"binary-expr","locations":[{"start":{"line":93,"column":15},"end":{"line":93,"column":39}},{"start":{"line":93,"column":43},"end":{"line":93,"column":87}}],"line":93},"12":{"loc":{"start":{"line":94,"column":15},"end":{"line":94,"column":83}},"type":"binary-expr","locations":[{"start":{"line":94,"column":15},"end":{"line":94,"column":37}},{"start":{"line":94,"column":41},"end":{"line":94,"column":83}}],"line":94},"13":{"loc":{"start":{"line":95,"column":15},"end":{"line":95,"column":87}},"type":"binary-expr","locations":[{"start":{"line":95,"column":15},"end":{"line":95,"column":37}},{"start":{"line":95,"column":41},"end":{"line":95,"column":87}}],"line":95},"14":{"loc":{"start":{"line":105,"column":18},"end":{"line":105,"column":64}},"type":"cond-expr","locations":[{"start":{"line":105,"column":40},"end":{"line":105,"column":51}},{"start":{"line":105,"column":54},"end":{"line":105,"column":64}}],"line":105},"15":{"loc":{"start":{"line":122,"column":9},"end":{"line":122,"column":47}},"type":"cond-expr","locations":[{"start":{"line":122,"column":21},"end":{"line":122,"column":35}},{"start":{"line":122,"column":38},"end":{"line":122,"column":47}}],"line":122}},"s":{"0":1,"1":0,"2":0,"3":0,"4":0,"5":0,"6":0,"7":0,"8":0,"9":0,"10":0,"11":0,"12":0,"13":0,"14":0,"15":0,"16":0,"17":0,"18":0,"19":0,"20":0,"21":0,"22":0,"23":0,"24":0,"25":0,"26":0,"27":0,"28":0,"29":0,"30":0,"31":0,"32":0,"33":0,"34":0,"35":0,"36":0,"37":0,"38":0,"39":0},"f":{"0":0,"1":0,"2":0,"3":0,"4":0,"5":0},"b":{"0":[0,0],"1":[0,0],"2":[0,0],"3":[0,0],"4":[0,0],"5":[0,0],"6":[0,0],"7":[0,0],"8":[0,0],"9":[0,0],"10":[0,0],"11":[0,0],"12":[0,0],"13":[0,0],"14":[0,0],"15":[0,0]},"_coverageSchema":"1a1c01bbd47fc00a2c39e90264f33305004495a9","hash":"5962f073d5d32a1bcf1aec09367d11f39e6d81b2"}
,"/Users/xyw/Repos/synapse/frontend/mobile/components/StyledText.tsx": {"path":"/Users/xyw/Repos/synapse/frontend/mobile/components/StyledText.tsx","statementMap":{"0":{"start":{"line":4,"column":26},"end":{"line":4,"column":38}}},"fnMap":{},"branchMap":{},"s":{"0":0},"f":{},"b":{}}
,"/Users/xyw/Repos/synapse/frontend/mobile/components/external-link.tsx": {"path":"/Users/xyw/Repos/synapse/frontend/mobile/components/external-link.tsx","statementMap":{"0":{"start":{"line":8,"column":2},"end":{"line":24,"column":4}},"1":{"start":{"line":14,"column":8},"end":{"line":21,"column":9}},"2":{"start":{"line":16,"column":10},"end":{"line":16,"column":33}},"3":{"start":{"line":18,"column":10},"end":{"line":20,"column":13}}},"fnMap":{"0":{"name":"ExternalLink","decl":{"start":{"line":7,"column":16},"end":{"line":7,"column":28}},"loc":{"start":{"line":7,"column":55},"end":{"line":25,"column":1}},"line":7},"1":{"name":"(anonymous_1)","decl":{"start":{"line":13,"column":15},"end":{"line":13,"column":16}},"loc":{"start":{"line":13,"column":32},"end":{"line":22,"column":7}},"line":13}},"branchMap":{"0":{"loc":{"start":{"line":14,"column":8},"end":{"line":21,"column":9}},"type":"if","locations":[{"start":{"line":14,"column":8},"end":{"line":21,"column":9}},{"start":{},"end":{}}],"line":14}},"s":{"0":0,"1":0,"2":0,"3":0},"f":{"0":0,"1":0},"b":{"0":[0,0]}}
,"/Users/xyw/Repos/synapse/frontend/mobile/components/haptic-tab.tsx": {"path":"/Users/xyw/Repos/synapse/frontend/mobile/components/haptic-tab.tsx","statementMap":{"0":{"start":{"line":6,"column":2},"end":{"line":17,"column":4}},"1":{"start":{"line":10,"column":8},"end":{"line":13,"column":9}},"2":{"start":{"line":12,"column":10},"end":{"line":12,"column":65}},"3":{"start":{"line":14,"column":8},"end":{"line":14,"column":30}}},"fnMap":{"0":{"name":"HapticTab","decl":{"start":{"line":5,"column":16},"end":{"line":5,"column":25}},"loc":{"start":{"line":5,"column":58},"end":{"line":18,"column":1}},"line":5},"1":{"name":"(anonymous_1)","decl":{"start":{"line":9,"column":17},"end":{"line":9,"column":18}},"loc":{"start":{"line":9,"column":25},"end":{"line":15,"column":7}},"line":9}},"branchMap":{"0":{"loc":{"start":{"line":10,"column":8},"end":{"line":13,"column":9}},"type":"if","locations":[{"start":{"line":10,"column":8},"end":{"line":13,"column":9}},{"start":{},"end":{}}],"line":10}},"s":{"0":0,"1":0,"2":0,"3":0},"f":{"0":0,"1":0},"b":{"0":[0,0]}}
,"/Users/xyw/Repos/synapse/frontend/mobile/components/hello-wave.tsx": {"path":"/Users/xyw/Repos/synapse/frontend/mobile/components/hello-wave.tsx","statementMap":{"0":{"start":{"line":4,"column":2},"end":{"line":18,"column":4}}},"fnMap":{"0":{"name":"HelloWave","decl":{"start":{"line":3,"column":16},"end":{"line":3,"column":25}},"loc":{"start":{"line":3,"column":28},"end":{"line":19,"column":1}},"line":3}},"branchMap":{},"s":{"0":0},"f":{"0":0},"b":{}}
,"/Users/xyw/Repos/synapse/frontend/mobile/components/parallax-scroll-view.tsx": {"path":"/Users/xyw/Repos/synapse/frontend/mobile/components/parallax-scroll-view.tsx","statementMap":{"0":{"start":{"line":21,"column":22},"end":{"line":21,"column":25}},"1":{"start":{"line":33,"column":26},"end":{"line":33,"column":57}},"2":{"start":{"line":34,"column":22},"end":{"line":34,"column":49}},"3":{"start":{"line":37,"column":20},"end":{"line":37,"column":57}},"4":{"start":{"line":38,"column":23},"end":{"line":38,"column":49}},"5":{"start":{"line":39,"column":30},"end":{"line":54,"column":4}},"6":{"start":{"line":40,"column":4},"end":{"line":53,"column":6}},"7":{"start":{"line":57,"column":2},"end":{"line":66,"column":3}},"8":{"start":{"line":58,"column":4},"end":{"line":65,"column":6}},"9":{"start":{"line":69,"column":2},"end":{"line":84,"column":4}},"10":{"start":{"line":87,"column":15},"end":{"line":101,"column":2}}},"fnMap":{"0":{"name":"ParallaxScrollView","decl":{"start":{"line":28,"column":24},"end":{"line":28,"column":42}},"loc":{"start":{"line":32,"column":10},"end":{"line":85,"column":1}},"line":32},"1":{"name":"(anonymous_1)","decl":{"start":{"line":39,"column":47},"end":{"line":39,"column":48}},"loc":{"start":{"line":39,"column":53},"end":{"line":54,"column":3}},"line":39}},"branchMap":{"0":{"loc":{"start":{"line":34,"column":22},"end":{"line":34,"column":49}},"type":"binary-expr","locations":[{"start":{"line":34,"column":22},"end":{"line":34,"column":38}},{"start":{"line":34,"column":42},"end":{"line":34,"column":49}}],"line":34},"1":{"loc":{"start":{"line":57,"column":2},"end":{"line":66,"column":3}},"type":"if","locations":[{"start":{"line":57,"column":2},"end":{"line":66,"column":3}},{"start":{},"end":{}}],"line":57}},"s":{"0":0,"1":0,"2":0,"3":0,"4":0,"5":0,"6":0,"7":0,"8":0,"9":0,"10":0},"f":{"0":0,"1":0},"b":{"0":[0,0],"1":[0,0]}}
,"/Users/xyw/Repos/synapse/frontend/mobile/components/themed-text.tsx": {"path":"/Users/xyw/Repos/synapse/frontend/mobile/components/themed-text.tsx","statementMap":{"0":{"start":{"line":18,"column":16},"end":{"line":18,"column":77}},"1":{"start":{"line":20,"column":2},"end":{"line":33,"column":4}},"2":{"start":{"line":36,"column":15},"end":{"line":60,"column":2}}},"fnMap":{"0":{"name":"ThemedText","decl":{"start":{"line":11,"column":16},"end":{"line":11,"column":26}},"loc":{"start":{"line":17,"column":20},"end":{"line":34,"column":1}},"line":17}},"branchMap":{"0":{"loc":{"start":{"line":15,"column":2},"end":{"line":15,"column":18}},"type":"default-arg","locations":[{"start":{"line":15,"column":9},"end":{"line":15,"column":18}}],"line":15},"1":{"loc":{"start":{"line":24,"column":8},"end":{"line":24,"column":55}},"type":"cond-expr","locations":[{"start":{"line":24,"column":29},"end":{"line":24,"column":43}},{"start":{"line":24,"column":46},"end":{"line":24,"column":55}}],"line":24},"2":{"loc":{"start":{"line":25,"column":8},"end":{"line":25,"column":51}},"type":"cond-expr","locations":[{"start":{"line":25,"column":27},"end":{"line":25,"column":39}},{"start":{"line":25,"column":42},"end":{"line":25,"column":51}}],"line":25},"3":{"loc":{"start":{"line":26,"column":8},"end":{"line":26,"column":71}},"type":"cond-expr","locations":[{"start":{"line":26,"column":37},"end":{"line":26,"column":59}},{"start":{"line":26,"column":62},"end":{"line":26,"column":71}}],"line":26},"4":{"loc":{"start":{"line":27,"column":8},"end":{"line":27,"column":57}},"type":"cond-expr","locations":[{"start":{"line":27,"column":30},"end":{"line":27,"column":45}},{"start":{"line":27,"column":48},"end":{"line":27,"column":57}}],"line":27},"5":{"loc":{"start":{"line":28,"column":8},"end":{"line":28,"column":49}},"type":"cond-expr","locations":[{"start":{"line":28,"column":26},"end":{"line":28,"column":37}},{"start":{"line":28,"column":40},"end":{"line":28,"column":49}}],"line":28}},"s":{"0":0,"1":0,"2":0},"f":{"0":0},"b":{"0":[0],"1":[0,0],"2":[0,0],"3":[0,0],"4":[0,0],"5":[0,0]}}
,"/Users/xyw/Repos/synapse/frontend/mobile/components/themed-view.tsx": {"path":"/Users/xyw/Repos/synapse/frontend/mobile/components/themed-view.tsx","statementMap":{"0":{"start":{"line":11,"column":26},"end":{"line":11,"column":93}},"1":{"start":{"line":13,"column":2},"end":{"line":13,"column":71}}},"fnMap":{"0":{"name":"ThemedView","decl":{"start":{"line":10,"column":16},"end":{"line":10,"column":26}},"loc":{"start":{"line":10,"column":93},"end":{"line":14,"column":1}},"line":10}},"branchMap":{},"s":{"0":0,"1":0},"f":{"0":0},"b":{}}
,"/Users/xyw/Repos/synapse/frontend/mobile/components/ui/collapsible.tsx": {"path":"/Users/xyw/Repos/synapse/frontend/mobile/components/ui/collapsible.tsx","statementMap":{"0":{"start":{"line":11,"column":30},"end":{"line":11,"column":45}},"1":{"start":{"line":12,"column":16},"end":{"line":12,"column":43}},"2":{"start":{"line":14,"column":2},"end":{"line":32,"column":4}},"3":{"start":{"line":18,"column":23},"end":{"line":18,"column":51}},"4":{"start":{"line":18,"column":44},"end":{"line":18,"column":50}},"5":{"start":{"line":35,"column":15},"end":{"line":45,"column":2}}},"fnMap":{"0":{"name":"Collapsible","decl":{"start":{"line":10,"column":16},"end":{"line":10,"column":27}},"loc":{"start":{"line":10,"column":88},"end":{"line":33,"column":1}},"line":10},"1":{"name":"(anonymous_1)","decl":{"start":{"line":18,"column":17},"end":{"line":18,"column":18}},"loc":{"start":{"line":18,"column":23},"end":{"line":18,"column":51}},"line":18},"2":{"name":"(anonymous_2)","decl":{"start":{"line":18,"column":33},"end":{"line":18,"column":34}},"loc":{"start":{"line":18,"column":44},"end":{"line":18,"column":50}},"line":18}},"branchMap":{"0":{"loc":{"start":{"line":12,"column":16},"end":{"line":12,"column":43}},"type":"binary-expr","locations":[{"start":{"line":12,"column":16},"end":{"line":12,"column":32}},{"start":{"line":12,"column":36},"end":{"line":12,"column":43}}],"line":12},"1":{"loc":{"start":{"line":24,"column":17},"end":{"line":24,"column":73}},"type":"cond-expr","locations":[{"start":{"line":24,"column":37},"end":{"line":24,"column":54}},{"start":{"line":24,"column":57},"end":{"line":24,"column":73}}],"line":24},"2":{"loc":{"start":{"line":25,"column":41},"end":{"line":25,"column":66}},"type":"cond-expr","locations":[{"start":{"line":25,"column":50},"end":{"line":25,"column":57}},{"start":{"line":25,"column":60},"end":{"line":25,"column":66}}],"line":25},"3":{"loc":{"start":{"line":30,"column":7},"end":{"line":30,"column":75}},"type":"binary-expr","locations":[{"start":{"line":30,"column":7},"end":{"line":30,"column":13}},{"start":{"line":30,"column":17},"end":{"line":30,"column":75}}],"line":30}},"s":{"0":0,"1":0,"2":0,"3":0,"4":0,"5":0},"f":{"0":0,"1":0,"2":0},"b":{"0":[0,0],"1":[0,0],"2":[0,0],"3":[0,0]}}
,"/Users/xyw/Repos/synapse/frontend/mobile/components/ui/icon-symbol.ios.tsx": {"path":"/Users/xyw/Repos/synapse/frontend/mobile/components/ui/icon-symbol.ios.tsx","statementMap":{"0":{"start":{"line":17,"column":2},"end":{"line":31,"column":4}}},"fnMap":{"0":{"name":"IconSymbol","decl":{"start":{"line":4,"column":16},"end":{"line":4,"column":26}},"loc":{"start":{"line":16,"column":3},"end":{"line":32,"column":1}},"line":16}},"branchMap":{"0":{"loc":{"start":{"line":6,"column":2},"end":{"line":6,"column":11}},"type":"default-arg","locations":[{"start":{"line":6,"column":9},"end":{"line":6,"column":11}}],"line":6},"1":{"loc":{"start":{"line":9,"column":2},"end":{"line":9,"column":20}},"type":"default-arg","locations":[{"start":{"line":9,"column":11},"end":{"line":9,"column":20}}],"line":9}},"s":{"0":0},"f":{"0":0},"b":{"0":[0],"1":[0]}}
,"/Users/xyw/Repos/synapse/frontend/mobile/components/ui/icon-symbol.tsx": {"path":"/Users/xyw/Repos/synapse/frontend/mobile/components/ui/icon-symbol.tsx","statementMap":{"0":{"start":{"line":16,"column":16},"end":{"line":21,"column":16}},"1":{"start":{"line":40,"column":2},"end":{"line":40,"column":88}}},"fnMap":{"0":{"name":"IconSymbol","decl":{"start":{"line":28,"column":16},"end":{"line":28,"column":26}},"loc":{"start":{"line":39,"column":3},"end":{"line":41,"column":1}},"line":39}},"branchMap":{"0":{"loc":{"start":{"line":30,"column":2},"end":{"line":30,"column":11}},"type":"default-arg","locations":[{"start":{"line":30,"column":9},"end":{"line":30,"column":11}}],"line":30}},"s":{"0":0,"1":0},"f":{"0":0},"b":{"0":[0]}}
,"/Users/xyw/Repos/synapse/frontend/mobile/constants/theme.ts": {"path":"/Users/xyw/Repos/synapse/frontend/mobile/constants/theme.ts","statementMap":{"0":{"start":{"line":8,"column":23},"end":{"line":8,"column":32}},"1":{"start":{"line":9,"column":22},"end":{"line":9,"column":28}},"2":{"start":{"line":11,"column":22},"end":{"line":28,"column":1}},"3":{"start":{"line":30,"column":21},"end":{"line":53,"column":2}}},"fnMap":{},"branchMap":{},"s":{"0":0,"1":0,"2":0,"3":0},"f":{},"b":{}}
,"/Users/xyw/Repos/synapse/frontend/mobile/hooks/use-color-scheme.ts": {"path":"/Users/xyw/Repos/synapse/frontend/mobile/hooks/use-color-scheme.ts","statementMap":{},"fnMap":{},"branchMap":{},"s":{},"f":{},"b":{}}
,"/Users/xyw/Repos/synapse/frontend/mobile/hooks/use-color-scheme.web.ts": {"path":"/Users/xyw/Repos/synapse/frontend/mobile/hooks/use-color-scheme.web.ts","statementMap":{"0":{"start":{"line":8,"column":40},"end":{"line":8,"column":55}},"1":{"start":{"line":10,"column":2},"end":{"line":12,"column":9}},"2":{"start":{"line":11,"column":4},"end":{"line":11,"column":25}},"3":{"start":{"line":14,"column":22},"end":{"line":14,"column":40}},"4":{"start":{"line":16,"column":2},"end":{"line":18,"column":3}},"5":{"start":{"line":17,"column":4},"end":{"line":17,"column":23}},"6":{"start":{"line":20,"column":2},"end":{"line":20,"column":17}}},"fnMap":{"0":{"name":"useColorScheme","decl":{"start":{"line":7,"column":16},"end":{"line":7,"column":30}},"loc":{"start":{"line":7,"column":33},"end":{"line":21,"column":1}},"line":7},"1":{"name":"(anonymous_1)","decl":{"start":{"line":10,"column":12},"end":{"line":10,"column":13}},"loc":{"start":{"line":10,"column":18},"end":{"line":12,"column":3}},"line":10}},"branchMap":{"0":{"loc":{"start":{"line":16,"column":2},"end":{"line":18,"column":3}},"type":"if","locations":[{"start":{"line":16,"column":2},"end":{"line":18,"column":3}},{"start":{},"end":{}}],"line":16}},"s":{"0":0,"1":0,"2":0,"3":0,"4":0,"5":0,"6":0},"f":{"0":0,"1":0},"b":{"0":[0,0]}}
,"/Users/xyw/Repos/synapse/frontend/mobile/hooks/use-theme-color.ts": {"path":"/Users/xyw/Repos/synapse/frontend/mobile/hooks/use-theme-color.ts","statementMap":{"0":{"start":{"line":13,"column":16},"end":{"line":13,"column":43}},"1":{"start":{"line":14,"column":25},"end":{"line":14,"column":37}},"2":{"start":{"line":16,"column":2},"end":{"line":20,"column":3}},"3":{"start":{"line":17,"column":4},"end":{"line":17,"column":26}},"4":{"start":{"line":19,"column":4},"end":{"line":19,"column":36}}},"fnMap":{"0":{"name":"useThemeColor","decl":{"start":{"line":9,"column":16},"end":{"line":9,"column":29}},"loc":{"start":{"line":12,"column":2},"end":{"line":21,"column":1}},"line":12}},"branchMap":{"0":{"loc":{"start":{"line":13,"column":16},"end":{"line":13,"column":43}},"type":"binary-expr","locations":[{"start":{"line":13,"column":16},"end":{"line":13,"column":32}},{"start":{"line":13,"column":36},"end":{"line":13,"column":43}}],"line":13},"1":{"loc":{"start":{"line":16,"column":2},"end":{"line":20,"column":3}},"type":"if","locations":[{"start":{"line":16,"column":2},"end":{"line":20,"column":3}},{"start":{"line":18,"column":9},"end":{"line":20,"column":3}}],"line":16}},"s":{"0":0,"1":0,"2":0,"3":0,"4":0},"f":{"0":0},"b":{"0":[0,0],"1":[0,0]}}
,"/Users/xyw/Repos/synapse/frontend/mobile/scripts/reset-project.js": {"path":"/Users/xyw/Repos/synapse/frontend/mobile/scripts/reset-project.js","statementMap":{"0":{"start":{"line":9,"column":11},"end":{"line":9,"column":24}},"1":{"start":{"line":10,"column":13},"end":{"line":10,"column":28}},"2":{"start":{"line":11,"column":17},"end":{"line":11,"column":36}},"3":{"start":{"line":13,"column":13},"end":{"line":13,"column":26}},"4":{"start":{"line":14,"column":16},"end":{"line":14,"column":70}},"5":{"start":{"line":15,"column":19},"end":{"line":15,"column":32}},"6":{"start":{"line":16,"column":18},"end":{"line":16,"column":23}},"7":{"start":{"line":17,"column":23},"end":{"line":17,"column":50}},"8":{"start":{"line":19,"column":21},"end":{"line":34,"column":1}},"9":{"start":{"line":36,"column":22},"end":{"line":41,"column":1}},"10":{"start":{"line":43,"column":11},"end":{"line":46,"column":2}},"11":{"start":{"line":48,"column":24},"end":{"line":99,"column":1}},"12":{"start":{"line":49,"column":2},"end":{"line":98,"column":3}},"13":{"start":{"line":50,"column":4},"end":{"line":54,"column":5}},"14":{"start":{"line":52,"column":6},"end":{"line":52,"column":67}},"15":{"start":{"line":53,"column":6},"end":{"line":53,"column":58}},"16":{"start":{"line":57,"column":4},"end":{"line":71,"column":5}},"17":{"start":{"line":58,"column":25},"end":{"line":58,"column":45}},"18":{"start":{"line":59,"column":6},"end":{"line":70,"column":7}},"19":{"start":{"line":60,"column":8},"end":{"line":67,"column":9}},"20":{"start":{"line":61,"column":29},"end":{"line":61,"column":61}},"21":{"start":{"line":62,"column":10},"end":{"line":62,"column":59}},"22":{"start":{"line":63,"column":10},"end":{"line":63,"column":68}},"23":{"start":{"line":65,"column":10},"end":{"line":65,"column":77}},"24":{"start":{"line":66,"column":10},"end":{"line":66,"column":44}},"25":{"start":{"line":69,"column":8},"end":{"line":69,"column":60}},"26":{"start":{"line":74,"column":26},"end":{"line":74,"column":52}},"27":{"start":{"line":75,"column":4},"end":{"line":75,"column":64}},"28":{"start":{"line":76,"column":4},"end":{"line":76,"column":52}},"29":{"start":{"line":79,"column":22},"end":{"line":79,"column":59}},"30":{"start":{"line":80,"column":4},"end":{"line":80,"column":57}},"31":{"start":{"line":81,"column":4},"end":{"line":81,"column":45}},"32":{"start":{"line":84,"column":23},"end":{"line":84,"column":62}},"33":{"start":{"line":85,"column":4},"end":{"line":85,"column":59}},"34":{"start":{"line":86,"column":4},"end":{"line":86,"column":47}},"35":{"start":{"line":88,"column":4},"end":{"line":88,"column":59}},"36":{"start":{"line":89,"column":4},"end":{"line":95,"column":6}},"37":{"start":{"line":97,"column":4},"end":{"line":97,"column":71}},"38":{"start":{"line":101,"column":0},"end":{"line":112,"column":2}},"39":{"start":{"line":104,"column":22},"end":{"line":104,"column":56}},"40":{"start":{"line":105,"column":4},"end":{"line":110,"column":5}},"41":{"start":{"line":106,"column":6},"end":{"line":106,"column":59}},"42":{"start":{"line":106,"column":47},"end":{"line":106,"column":57}},"43":{"start":{"line":108,"column":6},"end":{"line":108,"column":63}},"44":{"start":{"line":109,"column":6},"end":{"line":109,"column":17}}},"fnMap":{"0":{"name":"(anonymous_0)","decl":{"start":{"line":48,"column":24},"end":{"line":48,"column":25}},"loc":{"start":{"line":48,"column":45},"end":{"line":99,"column":1}},"line":48},"1":{"name":"(anonymous_1)","decl":{"start":{"line":103,"column":2},"end":{"line":103,"column":3}},"loc":{"start":{"line":103,"column":14},"end":{"line":111,"column":3}},"line":103},"2":{"name":"(anonymous_2)","decl":{"start":{"line":106,"column":41},"end":{"line":106,"column":42}},"loc":{"start":{"line":106,"column":47},"end":{"line":106,"column":57}},"line":106}},"branchMap":{"0":{"loc":{"start":{"line":50,"column":4},"end":{"line":54,"column":5}},"type":"if","locations":[{"start":{"line":50,"column":4},"end":{"line":54,"column":5}},{"start":{},"end":{}}],"line":50},"1":{"loc":{"start":{"line":59,"column":6},"end":{"line":70,"column":7}},"type":"if","locations":[{"start":{"line":59,"column":6},"end":{"line":70,"column":7}},{"start":{"line":68,"column":13},"end":{"line":70,"column":7}}],"line":59},"2":{"loc":{"start":{"line":60,"column":8},"end":{"line":67,"column":9}},"type":"if","locations":[{"start":{"line":60,"column":8},"end":{"line":67,"column":9}},{"start":{"line":64,"column":15},"end":{"line":67,"column":9}}],"line":60},"3":{"loc":{"start":{"line":91,"column":8},"end":{"line":93,"column":14}},"type":"cond-expr","locations":[{"start":{"line":92,"column":12},"end":{"line":92,"column":87}},{"start":{"line":93,"column":12},"end":{"line":93,"column":14}}],"line":91},"4":{"loc":{"start":{"line":104,"column":22},"end":{"line":104,"column":56}},"type":"binary-expr","locations":[{"start":{"line":104,"column":22},"end":{"line":104,"column":49}},{"start":{"line":104,"column":53},"end":{"line":104,"column":56}}],"line":104},"5":{"loc":{"start":{"line":105,"column":4},"end":{"line":110,"column":5}},"type":"if","locations":[{"start":{"line":105,"column":4},"end":{"line":110,"column":5}},{"start":{"line":107,"column":11},"end":{"line":110,"column":5}}],"line":105},"6":{"loc":{"start":{"line":105,"column":8},"end":{"line":105,"column":46}},"type":"binary-expr","locations":[{"start":{"line":105,"column":8},"end":{"line":105,"column":25}},{"start":{"line":105,"column":29},"end":{"line":105,"column":46}}],"line":105}},"s":{"0":0,"1":0,"2":0,"3":0,"4":0,"5":0,"6":0,"7":0,"8":0,"9":0,"10":0,"11":0,"12":0,"13":0,"14":0,"15":0,"16":0,"17":0,"18":0,"19":0,"20":0,"21":0,"22":0,"23":0,"24":0,"25":0,"26":0,"27":0,"28":0,"29":0,"30":0,"31":0,"32":0,"33":0,"34":0,"35":0,"36":0,"37":0,"38":0,"39":0,"40":0,"41":0,"42":0,"43":0,"44":0},"f":{"0":0,"1":0,"2":0},"b":{"0":[0,0],"1":[0,0],"2":[0,0],"3":[0,0],"4":[0,0],"5":[0,0],"6":[0,0]}}
,"/Users/xyw/Repos/synapse/frontend/mobile/store/useStore.js": {"path":"/Users/xyw/Repos/synapse/frontend/mobile/store/useStore.js","statementMap":{"0":{"start":{"line":6,"column":21},"end":{"line":12,"column":1}},"1":{"start":{"line":15,"column":24},"end":{"line":86,"column":1}},"2":{"start":{"line":17,"column":19},"end":{"line":77,"column":5}},"3":{"start":{"line":21,"column":25},"end":{"line":21,"column":63}},"4":{"start":{"line":22,"column":23},"end":{"line":22,"column":66}},"5":{"start":{"line":23,"column":36},"end":{"line":23,"column":66}},"6":{"start":{"line":24,"column":33},"end":{"line":24,"column":51}},"7":{"start":{"line":25,"column":27},"end":{"line":25,"column":41}},"8":{"start":{"line":26,"column":24},"end":{"line":26,"column":44}},"9":{"start":{"line":30,"column":8},"end":{"line":38,"column":9}},"10":{"start":{"line":31,"column":10},"end":{"line":31,"column":48}},"11":{"start":{"line":32,"column":34},"end":{"line":32,"column":68}},"12":{"start":{"line":33,"column":10},"end":{"line":33,"column":47}},"13":{"start":{"line":35,"column":10},"end":{"line":35,"column":58}},"14":{"start":{"line":37,"column":10},"end":{"line":37,"column":36}},"15":{"start":{"line":42,"column":8},"end":{"line":47,"column":9}},"16":{"start":{"line":43,"column":10},"end":{"line":43,"column":35}},"17":{"start":{"line":44,"column":10},"end":{"line":44,"column":28}},"18":{"start":{"line":46,"column":10},"end":{"line":46,"column":59}},"19":{"start":{"line":51,"column":8},"end":{"line":59,"column":9}},"20":{"start":{"line":52,"column":10},"end":{"line":52,"column":48}},"21":{"start":{"line":53,"column":24},"end":{"line":53,"column":59}},"22":{"start":{"line":54,"column":10},"end":{"line":54,"column":41}},"23":{"start":{"line":56,"column":10},"end":{"line":56,"column":77}},"24":{"start":{"line":58,"column":10},"end":{"line":58,"column":36}},"25":{"start":{"line":63,"column":8},"end":{"line":75,"column":9}},"26":{"start":{"line":64,"column":10},"end":{"line":64,"column":48}},"27":{"start":{"line":65,"column":27},"end":{"line":65,"column":67}},"28":{"start":{"line":67,"column":31},"end":{"line":67,"column":51}},"29":{"start":{"line":68,"column":10},"end":{"line":68,"column":63}},"30":{"start":{"line":69,"column":10},"end":{"line":69,"column":26}},"31":{"start":{"line":71,"column":10},"end":{"line":71,"column":68}},"32":{"start":{"line":72,"column":10},"end":{"line":72,"column":22}},"33":{"start":{"line":74,"column":10},"end":{"line":74,"column":36}},"34":{"start":{"line":80,"column":30},"end":{"line":83,"column":7}}},"fnMap":{"0":{"name":"(anonymous_0)","decl":{"start":{"line":17,"column":4},"end":{"line":17,"column":5}},"loc":{"start":{"line":17,"column":19},"end":{"line":77,"column":5}},"line":17},"1":{"name":"(anonymous_1)","decl":{"start":{"line":21,"column":15},"end":{"line":21,"column":16}},"loc":{"start":{"line":21,"column":25},"end":{"line":21,"column":63}},"line":21},"2":{"name":"(anonymous_2)","decl":{"start":{"line":22,"column":17},"end":{"line":22,"column":18}},"loc":{"start":{"line":22,"column":23},"end":{"line":22,"column":66}},"line":22},"3":{"name":"(anonymous_3)","decl":{"start":{"line":23,"column":25},"end":{"line":23,"column":26}},"loc":{"start":{"line":23,"column":36},"end":{"line":23,"column":66}},"line":23},"4":{"name":"(anonymous_4)","decl":{"start":{"line":24,"column":18},"end":{"line":24,"column":19}},"loc":{"start":{"line":24,"column":33},"end":{"line":24,"column":51}},"line":24},"5":{"name":"(anonymous_5)","decl":{"start":{"line":25,"column":16},"end":{"line":25,"column":17}},"loc":{"start":{"line":25,"column":27},"end":{"line":25,"column":41}},"line":25},"6":{"name":"(anonymous_6)","decl":{"start":{"line":26,"column":18},"end":{"line":26,"column":19}},"loc":{"start":{"line":26,"column":24},"end":{"line":26,"column":44}},"line":26},"7":{"name":"(anonymous_7)","decl":{"start":{"line":29,"column":13},"end":{"line":29,"column":14}},"loc":{"start":{"line":29,"column":36},"end":{"line":39,"column":7}},"line":29},"8":{"name":"(anonymous_8)","decl":{"start":{"line":41,"column":14},"end":{"line":41,"column":15}},"loc":{"start":{"line":41,"column":26},"end":{"line":48,"column":7}},"line":41},"9":{"name":"(anonymous_9)","decl":{"start":{"line":50,"column":27},"end":{"line":50,"column":28}},"loc":{"start":{"line":50,"column":39},"end":{"line":60,"column":7}},"line":50},"10":{"name":"(anonymous_10)","decl":{"start":{"line":62,"column":19},"end":{"line":62,"column":20}},"loc":{"start":{"line":62,"column":42},"end":{"line":76,"column":7}},"line":62},"11":{"name":"(anonymous_11)","decl":{"start":{"line":80,"column":18},"end":{"line":80,"column":19}},"loc":{"start":{"line":80,"column":30},"end":{"line":83,"column":7}},"line":80}},"branchMap":{"0":{"loc":{"start":{"line":35,"column":23},"end":{"line":35,"column":54}},"type":"binary-expr","locations":[{"start":{"line":35,"column":23},"end":{"line":35,"column":36}},{"start":{"line":35,"column":40},"end":{"line":35,"column":54}}],"line":35},"1":{"loc":{"start":{"line":46,"column":23},"end":{"line":46,"column":55}},"type":"binary-expr","locations":[{"start":{"line":46,"column":23},"end":{"line":46,"column":36}},{"start":{"line":46,"column":40},"end":{"line":46,"column":55}}],"line":46},"2":{"loc":{"start":{"line":56,"column":23},"end":{"line":56,"column":73}},"type":"binary-expr","locations":[{"start":{"line":56,"column":23},"end":{"line":56,"column":36}},{"start":{"line":56,"column":40},"end":{"line":56,"column":73}}],"line":56},"3":{"loc":{"start":{"line":71,"column":23},"end":{"line":71,"column":64}},"type":"binary-expr","locations":[{"start":{"line":71,"column":23},"end":{"line":71,"column":36}},{"start":{"line":71,"column":40},"end":{"line":71,"column":64}}],"line":71}},"s":{"0":0,"1":0,"2":0,"3":0,"4":0,"5":0,"6":0,"7":0,"8":0,"9":0,"10":0,"11":0,"12":0,"13":0,"14":0,"15":0,"16":0,"17":0,"18":0,"19":0,"20":0,"21":0,"22":0,"23":0,"24":0,"25":0,"26":0,"27":0,"28":0,"29":0,"30":0,"31":0,"32":0,"33":0,"34":0},"f":{"0":0,"1":0,"2":0,"3":0,"4":0,"5":0,"6":0,"7":0,"8":0,"9":0,"10":0,"11":0},"b":{"0":[0,0],"1":[0,0],"2":[0,0],"3":[0,0]}}
}
